<?xml version="1.0" encoding="UTF-8" ?>
<testsuite tests="2" failures="2" name="testRunner.TestRun" time="47.953" errors="0" skipped="0">
  <properties>
[...]
</properties>
  <testcase classname="Customer" name="Add a customer" time="22.619">
    <failure message="expected:&lt;[Your store. Login]&gt; but was:&lt;[admin-demo.nopcommerce.com]&gt;" type="junit.framework.ComparisonFailure">junit.framework.ComparisonFailure: expected:&lt;[Your store. Login]&gt; but was:&lt;[admin-demo.nopcommerce.com]&gt;
	at junit.framework.Assert.assertEquals(Assert.java:100)
	at junit.framework.Assert.assertEquals(Assert.java:107)
	at Step_Defination.Step.user_can_view_the_dashboard(Step.java:118)
	at ✽.User can view the dashboard(file:Features/Customer.feature:8)
</failure>
    <system-out>Feature: Customer

  Background: below are the steps for each scenario                        # Features/Customer.feature:3
 INFO [main] {Step.java:51} - *************Launching Browser*************
    Given user launch Chrome browser                                       # Step.user_launch_Chrome_browser()
 INFO [main] {Step.java:65} - *************Launching URL*************
    When User opens URL &quot;https://admin-demo.nopcommerce.com/login&quot;         # Step.user_opens_URL(String)
 INFO [main] {Step.java:74} - *************providing Login Detailsr*************
    And user enters email as &quot;admin@yourstore.com&quot; and password as &quot;admin&quot; # Step.user_enters_email_as_and_password_as(String,String)
 INFO [main] {Step.java:82} - *************Started Login*************
    And Click on  login                                                    # Step.click_on_login()
    Then User can view the dashboard                                       # Step.user_can_view_the_dashboard()
      junit.framework.ComparisonFailure: expected:&lt;[Your store. Login]&gt; but was:&lt;[admin-demo.nopcommerce.com]&gt;
	at junit.framework.Assert.assertEquals(Assert.java:100)
	at junit.framework.Assert.assertEquals(Assert.java:107)
	at Step_Defination.Step.user_can_view_the_dashboard(Step.java:118)
	at ?.User can view the dashboard(file:Features/Customer.feature:8)


  @sanity
  Scenario: Add a customer                                                             # Features/Customer.feature:10
    When user click on customers menu                                                  # Step.user_click_on_customers_menu()
    And user click on customers menu item                                              # Step.user_click_on_customers_menu_item()
    And click on add new customer page                                                 # Step.click_on_add_new_customer_page()
    When user enter customer info                                                      # Step.user_enter_customer_info()
    And click on save button                                                           # Step.click_on_save_button()
    Then user can view confirmation message &quot;the new user has been added successfully&quot; # Step.user_can_view_confirmation_message(String)
    And Close browser                                                                  # Step.close_browser()
</system-out>
    <system-err>Jul 21, 2019 1:28:51 PM cucumber.runtime.filter.TagExpressionOld isOldTagExpression
WARNING: Found tags option &apos;@sanity,@regression&apos;. Support for &apos;@tag1,@tag2&apos; will be removed from the next release of Cucumber-JVM. Please use &apos;@tag or @tag2&apos; instead
Jul 21, 2019 1:28:51 PM cucumber.runtime.java.ObjectFactoryLoader loadSingleObjectFactory
WARNING: Use deprecated reflections to load ObjectFactory.
Starting ChromeDriver 72.0.3626.69 (3c16f8a135abc0d4da2dff33804db79b849a7c38) on port 17178
Only local connections are allowed.
Please protect ports used by ChromeDriver and related test frameworks to prevent access by malicious code.
Jul 21, 2019 1:28:58 PM org.openqa.selenium.remote.ProtocolHandshake createSession
INFO: Detected dialect: OSS
</system-err>
  </testcase>
  <testcase classname="Customer" name="Search Customer by EmailID" time="25.334">
    <failure message="expected:&lt;[Your store. Login]&gt; but was:&lt;[admin-demo.nopcommerce.com]&gt;" type="junit.framework.ComparisonFailure">junit.framework.ComparisonFailure: expected:&lt;[Your store. Login]&gt; but was:&lt;[admin-demo.nopcommerce.com]&gt;
	at junit.framework.Assert.assertEquals(Assert.java:100)
	at junit.framework.Assert.assertEquals(Assert.java:107)
	at Step_Defination.Step.user_can_view_the_dashboard(Step.java:118)
	at ✽.User can view the dashboard(file:Features/Customer.feature:8)
</failure>
    <system-out>
  Background: below are the steps for each scenario                        # Features/Customer.feature:3
 INFO [main] {Step.java:51} - *************Launching Browser*************
    Given user launch Chrome browser                                       # Step.user_launch_Chrome_browser()
 INFO [main] {Step.java:65} - *************Launching URL*************
    When User opens URL &quot;https://admin-demo.nopcommerce.com/login&quot;         # Step.user_opens_URL(String)
 INFO [main] {Step.java:74} - *************providing Login Detailsr*************
    And user enters email as &quot;admin@yourstore.com&quot; and password as &quot;admin&quot; # Step.user_enters_email_as_and_password_as(String,String)
 INFO [main] {Step.java:82} - *************Started Login*************
    And Click on  login                                                    # Step.click_on_login()
    Then User can view the dashboard                                       # Step.user_can_view_the_dashboard()
      junit.framework.ComparisonFailure: expected:&lt;[Your store. Login]&gt; but was:&lt;[admin-demo.nopcommerce.com]&gt;
	at junit.framework.Assert.assertEquals(Assert.java:100)
	at junit.framework.Assert.assertEquals(Assert.java:107)
	at Step_Defination.Step.user_can_view_the_dashboard(Step.java:118)
	at ?.User can view the dashboard(file:Features/Customer.feature:8)


  @regression
  Scenario: Search Customer by EmailID               # Features/Customer.feature:19
    When user click on customers menu                # Step.user_click_on_customers_menu()
    And user click on customers menu item            # Step.user_click_on_customers_menu_item()
    And Enter customer Email                         # Step.enter_customer_Email()
    When click on search btton                       # Step.click_on_search_btton()
    Then user should found email in the search table # Step.user_should_found_email_in_the_search_table()
    And Close browser                                # Step.close_browser()
</system-out>
    <system-err>Starting ChromeDriver 72.0.3626.69 (3c16f8a135abc0d4da2dff33804db79b849a7c38) on port 31079
Only local connections are allowed.
Please protect ports used by ChromeDriver and related test frameworks to prevent access by malicious code.
Jul 21, 2019 1:29:16 PM org.openqa.selenium.remote.ProtocolHandshake createSession
INFO: Detected dialect: OSS
</system-err>
  </testcase>
</testsuite>